<?xml version="1.0" encoding="UTF-8"?>
<!-- Generated by org.testng.reporters.JUnitReportReporter -->
<testsuite hostname="PG02KXZ5" failures="0" tests="1" name="TechademyCourse.pageObject.test.FirstTest" time="17.326" errors="0" timestamp="2022-01-03T22:51:34 IST" skipped="0">
  <testcase classname="TechademyCourse.pageObject.test.FirstTest" name="firstTest" time="17.326"/>
  <system-out/>
</testsuite> <!-- TechademyCourse.pageObject.test.FirstTest -->
